2003.11.18 13:29 B W:\OzQuip_Costi\live_181103\cf\application.cfm <-- Costi /ssl/costi/cf application.cfm
2003.11.18 13:29 B W:\OzQuip_Costi\live_181103\cf\application_w2000s.cfm <-- Costi /ssl/costi/cf application_w2000s.cfm
2003.11.18 13:29 B W:\OzQuip_Costi\live_181103\cf\butBack.swf <-- Costi /ssl/costi/cf butBack.swf
2003.11.18 13:29 B W:\OzQuip_Costi\live_181103\cf\butHome.swf <-- Costi /ssl/costi/cf butHome.swf
2003.11.18 13:29 B W:\OzQuip_Costi\live_181103\cf\CheckCredits.cfm <-- Costi /ssl/costi/cf CheckCredits.cfm
2003.11.18 13:29 B W:\OzQuip_Costi\live_181103\cf\CheckCreditsList.cfm <-- Costi /ssl/costi/cf CheckCreditsList.cfm
2003.11.18 13:29 B W:\OzQuip_Costi\live_181103\cf\CheckUserNameAndPass.cfm <-- Costi /ssl/costi/cf CheckUserNameAndPass.cfm
2003.11.18 13:29 B W:\OzQuip_Costi\live_181103\cf\ClearTables.cfm <-- Costi /ssl/costi/cf ClearTables.cfm
2003.11.18 13:29 B W:\OzQuip_Costi\live_181103\cf\ClearTablesAction.cfm <-- Costi /ssl/costi/cf ClearTablesAction.cfm
2003.11.18 13:29 B W:\OzQuip_Costi\live_181103\cf\ClearTablesAction2.cfm <-- Costi /ssl/costi/cf ClearTablesAction2.cfm
2003.11.18 13:29 B W:\OzQuip_Costi\live_181103\cf\ClearTablesAction3.cfm <-- Costi /ssl/costi/cf ClearTablesAction3.cfm
2003.11.18 13:29 B W:\OzQuip_Costi\live_181103\cf\ClearTablesActionOther.cfm <-- Costi /ssl/costi/cf ClearTablesActionOther.cfm
2003.11.18 13:29 B W:\OzQuip_Costi\live_181103\cf\ClearTablesActionOtherConf.cfm <-- Costi /ssl/costi/cf ClearTablesActionOtherConf.cfm
2003.11.18 13:29 B W:\OzQuip_Costi\live_181103\cf\ClearTablesOther.cfm <-- Costi /ssl/costi/cf ClearTablesOther.cfm
2003.11.18 13:29 B W:\OzQuip_Costi\live_181103\cf\costi.css <-- Costi /ssl/costi/cf costi.css
2003.11.18 13:29 B W:\OzQuip_Costi\live_181103\cf\costi2.css <-- Costi /ssl/costi/cf costi2.css
2003.11.18 13:29 B W:\OzQuip_Costi\live_181103\cf\costi_BlackFont.css <-- Costi /ssl/costi/cf costi_BlackFont.css
2003.11.18 13:29 B W:\OzQuip_Costi\live_181103\cf\CostList.cfm <-- Costi /ssl/costi/cf CostList.cfm
2003.11.18 13:29 B W:\OzQuip_Costi\live_181103\cf\CostListActionEdit.cfm <-- Costi /ssl/costi/cf CostListActionEdit.cfm
2003.11.18 13:29 B W:\OzQuip_Costi\live_181103\cf\CostListSelection.cfm <-- Costi /ssl/costi/cf CostListSelection.cfm
2003.11.18 13:29 B W:\OzQuip_Costi\live_181103\cf\CreditList.cfm <-- Costi /ssl/costi/cf CreditList.cfm
2003.11.18 13:29 B W:\OzQuip_Costi\live_181103\cf\CreditView.cfm <-- Costi /ssl/costi/cf CreditView.cfm
2003.11.18 13:29 B W:\OzQuip_Costi\live_181103\cf\CreditViewAction.cfm <-- Costi /ssl/costi/cf CreditViewAction.cfm
2003.11.18 13:29 B W:\OzQuip_Costi\live_181103\cf\dateconvert.cfm <-- Costi /ssl/costi/cf dateconvert.cfm
2003.11.18 13:29 B W:\OzQuip_Costi\live_181103\cf\EndOfDay.cfm <-- Costi /ssl/costi/cf EndOfDay.cfm
2003.11.18 13:29 B W:\OzQuip_Costi\live_181103\cf\EndOfDay4.cfm <-- Costi /ssl/costi/cf EndOfDay4.cfm
2003.11.18 13:29 B W:\OzQuip_Costi\live_181103\cf\EndOfDayAction.cfm <-- Costi /ssl/costi/cf EndOfDayAction.cfm
2003.11.18 13:29 B W:\OzQuip_Costi\live_181103\cf\EndOfDayActionAutomated.cfm <-- Costi /ssl/costi/cf EndOfDayActionAutomated.cfm
2003.11.18 13:29 B W:\OzQuip_Costi\live_181103\cf\EodSummary.htm <-- Costi /ssl/costi/cf EodSummary.htm
2003.11.18 13:29 B W:\OzQuip_Costi\live_181103\cf\ExpenseLookup_AppendCriteria.cfm <-- Costi /ssl/costi/cf ExpenseLookup_AppendCriteria.cfm
2003.11.18 13:29 B W:\OzQuip_Costi\live_181103\cf\ExpenseLookup_Detail.cfm <-- Costi /ssl/costi/cf ExpenseLookup_Detail.cfm
2003.11.18 13:29 B W:\OzQuip_Costi\live_181103\cf\ExpenseLookup_Result.cfm <-- Costi /ssl/costi/cf ExpenseLookup_Result.cfm
2003.11.18 13:29 B W:\OzQuip_Costi\live_181103\cf\ExpenseLookup_Search.cfm <-- Costi /ssl/costi/cf ExpenseLookup_Search.cfm
2003.11.18 13:29 B W:\OzQuip_Costi\live_181103\cf\Expenses_RecordAction.cfm <-- Costi /ssl/costi/cf Expenses_RecordAction.cfm
2003.11.18 13:29 B W:\OzQuip_Costi\live_181103\cf\Expenses_RecordEdit.cfm <-- Costi /ssl/costi/cf Expenses_RecordEdit.cfm
2003.11.18 13:29 B W:\OzQuip_Costi\live_181103\cf\Expenses_RecordView.cfm <-- Costi /ssl/costi/cf Expenses_RecordView.cfm
2003.11.18 13:29 B W:\OzQuip_Costi\live_181103\cf\FixStockLocationIntegrity.cfm <-- Costi /ssl/costi/cf FixStockLocationIntegrity.cfm
2003.11.18 13:29 B W:\OzQuip_Costi\live_181103\cf\FormatDateString.cfm <-- Costi /ssl/costi/cf FormatDateString.cfm
2003.11.18 13:29 B W:\OzQuip_Costi\live_181103\cf\frmlogin.htm <-- Costi /ssl/costi/cf frmlogin.htm
2003.11.18 13:29 B W:\OzQuip_Costi\live_181103\cf\frmLogin_Action.cfm <-- Costi /ssl/costi/cf frmLogin_Action.cfm
2003.11.18 13:29 B W:\OzQuip_Costi\live_181103\cf\frmLogin_Logoff.cfm <-- Costi /ssl/costi/cf frmLogin_Logoff.cfm
2003.11.18 13:29 B W:\OzQuip_Costi\live_181103\cf\frmloginUnderConstruction.htm <-- Costi /ssl/costi/cf frmloginUnderConstruction.htm
2003.11.18 13:29 B W:\OzQuip_Costi\live_181103\cf\GetAdjustEODAfterStocktake.cfm <-- Costi /ssl/costi/cf GetAdjustEODAfterStocktake.cfm
2003.11.18 13:29 B W:\OzQuip_Costi\live_181103\cf\GetCurrentTime.cfm <-- Costi /ssl/costi/cf GetCurrentTime.cfm
2003.11.18 13:29 B W:\OzQuip_Costi\live_181103\cf\GetDateLong.cfm <-- Costi /ssl/costi/cf GetDateLong.cfm
2003.11.18 13:29 B W:\OzQuip_Costi\live_181103\cf\GetDateNormal.cfm <-- Costi /ssl/costi/cf GetDateNormal.cfm
2003.11.18 13:29 B W:\OzQuip_Costi\live_181103\cf\GetEndOfDayFinished.cfm <-- Costi /ssl/costi/cf GetEndOfDayFinished.cfm
2003.11.18 13:29 B W:\OzQuip_Costi\live_181103\cf\GetMakeSureOfEODSummaryRecords.cfm <-- Costi /ssl/costi/cf GetMakeSureOfEODSummaryRecords.cfm
2003.11.18 13:29 B W:\OzQuip_Costi\live_181103\cf\GetOrderingCutOffTime.cfm <-- Costi /ssl/costi/cf GetOrderingCutOffTime.cfm
2003.11.18 13:29 B W:\OzQuip_Costi\live_181103\cf\GetStocktakeGoAhead.cfm <-- Costi /ssl/costi/cf GetStocktakeGoAhead.cfm
2003.11.18 13:29 B W:\OzQuip_Costi\live_181103\cf\GetStocktakeHasBeenApplied.cfm <-- Costi /ssl/costi/cf GetStocktakeHasBeenApplied.cfm
2003.11.18 13:29 B W:\OzQuip_Costi\live_181103\cf\GetStocktakeHasData.cfm <-- Costi /ssl/costi/cf GetStocktakeHasData.cfm
2003.11.18 13:29 B W:\OzQuip_Costi\live_181103\cf\GetTodayDate.cfm <-- Costi /ssl/costi/cf GetTodayDate.cfm
2003.11.18 13:29 B W:\OzQuip_Costi\live_181103\cf\GetTodayDateLong.cfm <-- Costi /ssl/costi/cf GetTodayDateLong.cfm
2003.11.18 13:29 B W:\OzQuip_Costi\live_181103\cf\GetTodayDateTimeLong.cfm <-- Costi /ssl/costi/cf GetTodayDateTimeLong.cfm
2003.11.18 13:29 B W:\OzQuip_Costi\live_181103\cf\GetTomorrowDate.cfm <-- Costi /ssl/costi/cf GetTomorrowDate.cfm
2003.11.18 13:29 B W:\OzQuip_Costi\live_181103\cf\GetWait.cfm <-- Costi /ssl/costi/cf GetWait.cfm
2003.11.18 13:29 B W:\OzQuip_Costi\live_181103\cf\GetWeekDay.cfm <-- Costi /ssl/costi/cf GetWeekDay.cfm
2003.11.18 13:29 B W:\OzQuip_Costi\live_181103\cf\GetWeekEnding.cfm <-- Costi /ssl/costi/cf GetWeekEnding.cfm
2003.11.18 13:29 B W:\OzQuip_Costi\live_181103\cf\GetXDaysFromNow.cfm <-- Costi /ssl/costi/cf GetXDaysFromNow.cfm
2003.11.18 13:29 B W:\OzQuip_Costi\live_181103\cf\HistorySelection.cfm <-- Costi /ssl/costi/cf HistorySelection.cfm
2003.11.18 13:29 B W:\OzQuip_Costi\live_181103\cf\HistorySelectionAction.cfm <-- Costi /ssl/costi/cf HistorySelectionAction.cfm
2003.11.18 13:29 B W:\OzQuip_Costi\live_181103\cf\HistorySelectionSuper.cfm <-- Costi /ssl/costi/cf HistorySelectionSuper.cfm
2003.11.18 13:29 B W:\OzQuip_Costi\live_181103\cf\HistorySelectionSuperDetail.cfm <-- Costi /ssl/costi/cf HistorySelectionSuperDetail.cfm
2003.11.18 13:29 B W:\OzQuip_Costi\live_181103\cf\HistorySelectionTax.cfm <-- Costi /ssl/costi/cf HistorySelectionTax.cfm
2003.11.18 13:29 B W:\OzQuip_Costi\live_181103\cf\HistorySelectionTaxDetail.cfm <-- Costi /ssl/costi/cf HistorySelectionTaxDetail.cfm
2003.11.18 13:29 B W:\OzQuip_Costi\live_181103\cf\HistorySelectionWage.cfm <-- Costi /ssl/costi/cf HistorySelectionWage.cfm
2003.11.18 13:29 B W:\OzQuip_Costi\live_181103\cf\HoursWorked.cfm <-- Costi /ssl/costi/cf HoursWorked.cfm
2003.11.18 13:29 B W:\OzQuip_Costi\live_181103\cf\HoursWorkedAction.cfm <-- Costi /ssl/costi/cf HoursWorkedAction.cfm
2003.11.18 13:29 B W:\OzQuip_Costi\live_181103\cf\HoursWorkedActionB.cfm <-- Costi /ssl/costi/cf HoursWorkedActionB.cfm
2003.11.18 13:29 B W:\OzQuip_Costi\live_181103\cf\HoursWorkedSelection.cfm <-- Costi /ssl/costi/cf HoursWorkedSelection.cfm
2003.11.18 13:29 B W:\OzQuip_Costi\live_181103\cf\Index.htm <-- Costi /ssl/costi/cf Index.htm
2003.11.18 13:29 B W:\OzQuip_Costi\live_181103\cf\Installation.cfm <-- Costi /ssl/costi/cf Installation.cfm
2003.11.18 13:29 B W:\OzQuip_Costi\live_181103\cf\InvoiceAction.cfm <-- Costi /ssl/costi/cf InvoiceAction.cfm
2003.11.18 13:29 B W:\OzQuip_Costi\live_181103\cf\InvoiceCreditAction.cfm <-- Costi /ssl/costi/cf InvoiceCreditAction.cfm
2003.11.18 13:29 B W:\OzQuip_Costi\live_181103\cf\InvoiceCreditRequest.cfm <-- Costi /ssl/costi/cf InvoiceCreditRequest.cfm
2003.11.18 13:29 B W:\OzQuip_Costi\live_181103\cf\InvoiceLayout.cfm <-- Costi /ssl/costi/cf InvoiceLayout.cfm
2003.11.18 13:29 B W:\OzQuip_Costi\live_181103\cf\InvoiceLayout3H.cfm <-- Costi /ssl/costi/cf InvoiceLayout3H.cfm
2003.11.18 13:29 B W:\OzQuip_Costi\live_181103\cf\InvoiceLayoutDraft.cfm <-- Costi /ssl/costi/cf InvoiceLayoutDraft.cfm
2003.11.18 13:29 B W:\OzQuip_Costi\live_181103\cf\InvoiceLayoutRebate.cfm <-- Costi /ssl/costi/cf InvoiceLayoutRebate.cfm
2003.11.18 13:29 B W:\OzQuip_Costi\live_181103\cf\InvoiceRequest.cfm <-- Costi /ssl/costi/cf InvoiceRequest.cfm
2003.11.18 13:29 B W:\OzQuip_Costi\live_181103\cf\InvoiceRequestAll.cfm <-- Costi /ssl/costi/cf InvoiceRequestAll.cfm
2003.11.18 13:29 B W:\OzQuip_Costi\live_181103\cf\MainMenu.cfm <-- Costi /ssl/costi/cf MainMenu.cfm
2003.11.18 13:29 B W:\OzQuip_Costi\live_181103\cf\MainMenu2.cfm <-- Costi /ssl/costi/cf MainMenu2.cfm
2003.11.18 13:29 B W:\OzQuip_Costi\live_181103\cf\navbar_header.cfm <-- Costi /ssl/costi/cf navbar_header.cfm
2003.11.18 13:29 B W:\OzQuip_Costi\live_181103\cf\navbar_header_small.cfm <-- Costi /ssl/costi/cf navbar_header_small.cfm
2003.11.18 13:29 B W:\OzQuip_Costi\live_181103\cf\navbar_header_small1.cfm <-- Costi /ssl/costi/cf navbar_header_small1.cfm
2003.11.18 13:29 B W:\OzQuip_Costi\live_181103\cf\Options_RecordAction.cfm <-- Costi /ssl/costi/cf Options_RecordAction.cfm
2003.11.18 13:29 B W:\OzQuip_Costi\live_181103\cf\Options_RecordEdit.cfm <-- Costi /ssl/costi/cf Options_RecordEdit.cfm
2003.11.18 13:29 B W:\OzQuip_Costi\live_181103\cf\Options_RecordView.cfm <-- Costi /ssl/costi/cf Options_RecordView.cfm
2003.11.18 13:29 B W:\OzQuip_Costi\live_181103\cf\OutstandingInvoices.cfm <-- Costi /ssl/costi/cf OutstandingInvoices.cfm
2003.11.18 13:29 B W:\OzQuip_Costi\live_181103\cf\OutstandingInvoicesAllStores.cfm <-- Costi /ssl/costi/cf OutstandingInvoicesAllStores.cfm
2003.11.18 13:29 B W:\OzQuip_Costi\live_181103\cf\PackingActionA.cfm <-- Costi /ssl/costi/cf PackingActionA.cfm
2003.11.18 13:29 B W:\OzQuip_Costi\live_181103\cf\PackingActionB.cfm <-- Costi /ssl/costi/cf PackingActionB.cfm
2003.11.18 13:29 B W:\OzQuip_Costi\live_181103\cf\PackingActionCreateInvoice.cfm <-- Costi /ssl/costi/cf PackingActionCreateInvoice.cfm
2003.11.18 13:29 B W:\OzQuip_Costi\live_181103\cf\PackingActionEdit.cfm <-- Costi /ssl/costi/cf PackingActionEdit.cfm
2003.11.18 13:29 B W:\OzQuip_Costi\live_181103\cf\PackingList.cfm <-- Costi /ssl/costi/cf PackingList.cfm
2003.11.18 13:29 B W:\OzQuip_Costi\live_181103\cf\PackingListReport.cfm <-- Costi /ssl/costi/cf PackingListReport.cfm
2003.11.18 13:29 B W:\OzQuip_Costi\live_181103\cf\PackingListReport2.cfm <-- Costi /ssl/costi/cf PackingListReport2.cfm
2003.11.18 13:29 B W:\OzQuip_Costi\live_181103\cf\PackingReportActionA.cfm <-- Costi /ssl/costi/cf PackingReportActionA.cfm
2003.11.18 13:29 B W:\OzQuip_Costi\live_181103\cf\PackingReportRequest.cfm <-- Costi /ssl/costi/cf PackingReportRequest.cfm
2003.11.18 13:29 B W:\OzQuip_Costi\live_181103\cf\PackingRequest.cfm <-- Costi /ssl/costi/cf PackingRequest.cfm
2003.11.18 13:29 B W:\OzQuip_Costi\live_181103\cf\Payment.cfm <-- Costi /ssl/costi/cf Payment.cfm
2003.11.18 13:29 B W:\OzQuip_Costi\live_181103\cf\Payment_App.cfm <-- Costi /ssl/costi/cf Payment_App.cfm
2003.11.18 13:29 B W:\OzQuip_Costi\live_181103\cf\Payment_AppB.cfm <-- Costi /ssl/costi/cf Payment_AppB.cfm
2003.11.18 13:29 B W:\OzQuip_Costi\live_181103\cf\Payment_AppC.cfm <-- Costi /ssl/costi/cf Payment_AppC.cfm
2003.11.18 13:30 B W:\OzQuip_Costi\live_181103\cf\Payment_AppD.cfm <-- Costi /ssl/costi/cf Payment_AppD.cfm
2003.11.18 13:30 B W:\OzQuip_Costi\live_181103\cf\Payment_Application.cfm <-- Costi /ssl/costi/cf Payment_Application.cfm
2003.11.18 13:30 B W:\OzQuip_Costi\live_181103\cf\PaymentB.cfm <-- Costi /ssl/costi/cf PaymentB.cfm
2003.11.18 13:30 B W:\OzQuip_Costi\live_181103\cf\PaymentC.cfm <-- Costi /ssl/costi/cf PaymentC.cfm
2003.11.18 13:30 B W:\OzQuip_Costi\live_181103\cf\Payroll.cfm <-- Costi /ssl/costi/cf Payroll.cfm
2003.11.18 13:30 B W:\OzQuip_Costi\live_181103\cf\PayrollActiveX.cfm <-- Costi /ssl/costi/cf PayrollActiveX.cfm
2003.11.18 13:30 B W:\OzQuip_Costi\live_181103\cf\PayrollSelectCalc.cfm <-- Costi /ssl/costi/cf PayrollSelectCalc.cfm
2003.11.18 13:30 B W:\OzQuip_Costi\live_181103\cf\PayrollSelectCalcAction.cfm <-- Costi /ssl/costi/cf PayrollSelectCalcAction.cfm
2003.11.18 13:30 B W:\OzQuip_Costi\live_181103\cf\PayrollSelectCalcAction2.cfm <-- Costi /ssl/costi/cf PayrollSelectCalcAction2.cfm
2003.11.18 13:30 B W:\OzQuip_Costi\live_181103\cf\PayrollSelectPayAction.cfm <-- Costi /ssl/costi/cf PayrollSelectPayAction.cfm
2003.11.18 13:30 B W:\OzQuip_Costi\live_181103\cf\PayrollSelectPayPage.cfm <-- Costi /ssl/costi/cf PayrollSelectPayPage.cfm
2003.11.18 13:30 B W:\OzQuip_Costi\live_181103\cf\PayrollSelectPayPagePaySlip.cfm <-- Costi /ssl/costi/cf PayrollSelectPayPagePaySlip.cfm
2003.11.18 13:30 B W:\OzQuip_Costi\live_181103\cf\PayrollSelectPayslip.cfm <-- Costi /ssl/costi/cf PayrollSelectPayslip.cfm
2003.11.18 13:30 B W:\OzQuip_Costi\live_181103\cf\PayrollSelectReport.cfm <-- Costi /ssl/costi/cf PayrollSelectReport.cfm
2003.11.18 13:30 B W:\OzQuip_Costi\live_181103\cf\PayrollSelectReportAction.cfm <-- Costi /ssl/costi/cf PayrollSelectReportAction.cfm
2003.11.18 13:30 B W:\OzQuip_Costi\live_181103\cf\PayrollSelectReportActionPaySlip.cfm <-- Costi /ssl/costi/cf PayrollSelectReportActionPaySlip.cfm
2003.11.18 13:30 B W:\OzQuip_Costi\live_181103\cf\PayrollSelectReportActionSuper.cfm <-- Costi /ssl/costi/cf PayrollSelectReportActionSuper.cfm
2003.11.18 13:30 B W:\OzQuip_Costi\live_181103\cf\PayrollSelectReportActionTax.cfm <-- Costi /ssl/costi/cf PayrollSelectReportActionTax.cfm
2003.11.18 13:30 B W:\OzQuip_Costi\live_181103\cf\PayrollSelectReportPage.cfm <-- Costi /ssl/costi/cf PayrollSelectReportPage.cfm
2003.11.18 13:30 B W:\OzQuip_Costi\live_181103\cf\PayrollSelectReportPagePaySlip.cfm <-- Costi /ssl/costi/cf PayrollSelectReportPagePaySlip.cfm
2003.11.18 13:30 B W:\OzQuip_Costi\live_181103\cf\PayrollSelectReportPageSuper.cfm <-- Costi /ssl/costi/cf PayrollSelectReportPageSuper.cfm
2003.11.18 13:30 B W:\OzQuip_Costi\live_181103\cf\PayrollSelectReportPageSuperAction.cfm <-- Costi /ssl/costi/cf PayrollSelectReportPageSuperAction.cfm
2003.11.18 13:30 B W:\OzQuip_Costi\live_181103\cf\PayrollSelectReportPageTax.cfm <-- Costi /ssl/costi/cf PayrollSelectReportPageTax.cfm
2003.11.18 13:30 B W:\OzQuip_Costi\live_181103\cf\PayrollSelectReportPageTaxAction.cfm <-- Costi /ssl/costi/cf PayrollSelectReportPageTaxAction.cfm
2003.11.18 13:30 B W:\OzQuip_Costi\live_181103\cf\PayrollSelectReportPaySlip.cfm <-- Costi /ssl/costi/cf PayrollSelectReportPaySlip.cfm
2003.11.18 13:30 B W:\OzQuip_Costi\live_181103\cf\PayrollSelectReportSuper.cfm <-- Costi /ssl/costi/cf PayrollSelectReportSuper.cfm
2003.11.18 13:30 B W:\OzQuip_Costi\live_181103\cf\PayrollSelectReportTax.cfm <-- Costi /ssl/costi/cf PayrollSelectReportTax.cfm
2003.11.18 13:30 B W:\OzQuip_Costi\live_181103\cf\PNLReportB.cfm <-- Costi /ssl/costi/cf PNLReportB.cfm
2003.11.18 13:30 B W:\OzQuip_Costi\live_181103\cf\PriceFormulaGrid.cfm <-- Costi /ssl/costi/cf PriceFormulaGrid.cfm
2003.11.18 13:30 B W:\OzQuip_Costi\live_181103\cf\PriceFormulaGridAction.cfm <-- Costi /ssl/costi/cf PriceFormulaGridAction.cfm
2003.11.18 13:30 B W:\OzQuip_Costi\live_181103\cf\PriceList.cfm <-- Costi /ssl/costi/cf PriceList.cfm
2003.11.18 13:30 B W:\OzQuip_Costi\live_181103\cf\PriceListSelection.cfm <-- Costi /ssl/costi/cf PriceListSelection.cfm
2003.11.18 13:30 B W:\OzQuip_Costi\live_181103\cf\PriceListSelectionStore.cfm <-- Costi /ssl/costi/cf PriceListSelectionStore.cfm
2003.11.18 13:30 B W:\OzQuip_Costi\live_181103\cf\PriceListStore.cfm <-- Costi /ssl/costi/cf PriceListStore.cfm
2003.11.18 13:30 B W:\OzQuip_Costi\live_181103\cf\PurchaseOrderAction.cfm <-- Costi /ssl/costi/cf PurchaseOrderAction.cfm
2003.11.18 13:30 B W:\OzQuip_Costi\live_181103\cf\PurchaseOrderActionEdit.cfm <-- Costi /ssl/costi/cf PurchaseOrderActionEdit.cfm
2003.11.18 13:30 B W:\OzQuip_Costi\live_181103\cf\PurchaseOrderList.cfm <-- Costi /ssl/costi/cf PurchaseOrderList.cfm
2003.11.18 13:30 B W:\OzQuip_Costi\live_181103\cf\PurchaseOrderList2.cfm <-- Costi /ssl/costi/cf PurchaseOrderList2.cfm
2003.11.18 13:30 B W:\OzQuip_Costi\live_181103\cf\PurchaseOrderList3.cfm <-- Costi /ssl/costi/cf PurchaseOrderList3.cfm
2003.11.18 13:30 B W:\OzQuip_Costi\live_181103\cf\PurchaseOrderListA.cfm <-- Costi /ssl/costi/cf PurchaseOrderListA.cfm
2003.11.18 13:30 B W:\OzQuip_Costi\live_181103\cf\PurchaseOrderListM.cfm <-- Costi /ssl/costi/cf PurchaseOrderListM.cfm
2003.11.18 13:30 B W:\OzQuip_Costi\live_181103\cf\PurchaseOrderRequest.cfm <-- Costi /ssl/costi/cf PurchaseOrderRequest.cfm
2003.11.18 13:30 B W:\OzQuip_Costi\live_181103\cf\ReportFinancial1.cfm <-- Costi /ssl/costi/cf ReportFinancial1.cfm
2003.11.18 13:30 B W:\OzQuip_Costi\live_181103\cf\ReportFinancial1Action.cfm <-- Costi /ssl/costi/cf ReportFinancial1Action.cfm
2003.11.18 13:30 B W:\OzQuip_Costi\live_181103\cf\ReportFinancial1Rep.cfm <-- Costi /ssl/costi/cf ReportFinancial1Rep.cfm
2003.11.18 13:30 B W:\OzQuip_Costi\live_181103\cf\ReportFinancial1RepBackup.cfm <-- Costi /ssl/costi/cf ReportFinancial1RepBackup.cfm
2003.11.18 13:30 B W:\OzQuip_Costi\live_181103\cf\ReportFinancial1RepBackupBeforeSplit.cfm <-- Costi /ssl/costi/cf ReportFinancial1RepBackupBeforeSplit.cfm
2003.11.18 13:30 B W:\OzQuip_Costi\live_181103\cf\ReportFinancial2.cfm <-- Costi /ssl/costi/cf ReportFinancial2.cfm
2003.11.18 13:30 B W:\OzQuip_Costi\live_181103\cf\ReportFinancial2REP.cfm <-- Costi /ssl/costi/cf ReportFinancial2REP.cfm
2003.11.18 13:30 B W:\OzQuip_Costi\live_181103\cf\ReportMenu.cfm <-- Costi /ssl/costi/cf ReportMenu.cfm
2003.11.18 13:30 B W:\OzQuip_Costi\live_181103\cf\ReportMenuAction.cfm <-- Costi /ssl/costi/cf ReportMenuAction.cfm
2003.11.18 13:30 B W:\OzQuip_Costi\live_181103\cf\ReportMenuInventory.cfm <-- Costi /ssl/costi/cf ReportMenuInventory.cfm
2003.11.18 13:30 B W:\OzQuip_Costi\live_181103\cf\ReportMenuInventoryDeA.cfm <-- Costi /ssl/costi/cf ReportMenuInventoryDeA.cfm
2003.11.18 13:30 B W:\OzQuip_Costi\live_181103\cf\ReportMenuInventoryDeB.cfm <-- Costi /ssl/costi/cf ReportMenuInventoryDeB.cfm
2003.11.18 13:30 B W:\OzQuip_Costi\live_181103\cf\ReportMenuPNLSummary.cfm <-- Costi /ssl/costi/cf ReportMenuPNLSummary.cfm
2003.11.18 13:30 B W:\OzQuip_Costi\live_181103\cf\ReportMenuPNLSummaryAllStores.cfm <-- Costi /ssl/costi/cf ReportMenuPNLSummaryAllStores.cfm
2003.11.18 13:30 B W:\OzQuip_Costi\live_181103\cf\ReportMenuSales.cfm <-- Costi /ssl/costi/cf ReportMenuSales.cfm
2003.11.18 13:30 B W:\OzQuip_Costi\live_181103\cf\ReportMenuTransferReport.cfm <-- Costi /ssl/costi/cf ReportMenuTransferReport.cfm
2003.11.18 13:30 B W:\OzQuip_Costi\live_181103\cf\ReportMenuWastageReport.cfm <-- Costi /ssl/costi/cf ReportMenuWastageReport.cfm
2003.11.18 13:30 B W:\OzQuip_Costi\live_181103\cf\Roster.cfm <-- Costi /ssl/costi/cf Roster.cfm
2003.11.18 13:30 B W:\OzQuip_Costi\live_181103\cf\RosterAction.cfm <-- Costi /ssl/costi/cf RosterAction.cfm
2003.11.18 13:30 B W:\OzQuip_Costi\live_181103\cf\RosterActionB.cfm <-- Costi /ssl/costi/cf RosterActionB.cfm
2003.11.18 13:30 B W:\OzQuip_Costi\live_181103\cf\Sample.cfm <-- Costi /ssl/costi/cf Sample.cfm
2003.11.18 13:30 B W:\OzQuip_Costi\live_181103\cf\SampleTemplate2_RecordAction.cfm <-- Costi /ssl/costi/cf SampleTemplate2_RecordAction.cfm
2003.11.18 13:30 B W:\OzQuip_Costi\live_181103\cf\SampleTemplate2_RecordEdit.cfm <-- Costi /ssl/costi/cf SampleTemplate2_RecordEdit.cfm
2003.11.18 13:30 B W:\OzQuip_Costi\live_181103\cf\SampleTemplate2_RecordView.cfm <-- Costi /ssl/costi/cf SampleTemplate2_RecordView.cfm
2003.11.18 13:30 B W:\OzQuip_Costi\live_181103\cf\StockOnHand.cfm <-- Costi /ssl/costi/cf StockOnHand.cfm
2003.11.18 13:30 B W:\OzQuip_Costi\live_181103\cf\StockOnHandSelection.cfm <-- Costi /ssl/costi/cf StockOnHandSelection.cfm
2003.11.18 13:30 B W:\OzQuip_Costi\live_181103\cf\StockTake.cfm <-- Costi /ssl/costi/cf StockTake.cfm
2003.11.18 13:30 B W:\OzQuip_Costi\live_181103\cf\StockTake_Variance.cfm <-- Costi /ssl/costi/cf StockTake_Variance.cfm
2003.11.18 13:30 B W:\OzQuip_Costi\live_181103\cf\StockTakeAction.cfm <-- Costi /ssl/costi/cf StockTakeAction.cfm
2003.11.18 13:30 B W:\OzQuip_Costi\live_181103\cf\StockTakeActionBL.cfm <-- Costi /ssl/costi/cf StockTakeActionBL.cfm
2003.11.18 13:30 B W:\OzQuip_Costi\live_181103\cf\StocktakeAdjust_RecordAction.cfm <-- Costi /ssl/costi/cf StocktakeAdjust_RecordAction.cfm
2003.11.18 13:30 B W:\OzQuip_Costi\live_181103\cf\StocktakeAdjust_RecordEdit.cfm <-- Costi /ssl/costi/cf StocktakeAdjust_RecordEdit.cfm
2003.11.18 13:30 B W:\OzQuip_Costi\live_181103\cf\StocktakeAdjust_RecordView.cfm <-- Costi /ssl/costi/cf StocktakeAdjust_RecordView.cfm
2003.11.18 13:30 B W:\OzQuip_Costi\live_181103\cf\StockTakeBL.cfm <-- Costi /ssl/costi/cf StockTakeBL.cfm
2003.11.18 13:31 B W:\OzQuip_Costi\live_181103\cf\StockTakeBL_Act.cfm <-- Costi /ssl/costi/cf StockTakeBL_Act.cfm
2003.11.18 13:31 B W:\OzQuip_Costi\live_181103\cf\StockTakeBL_ActAction.cfm <-- Costi /ssl/costi/cf StockTakeBL_ActAction.cfm
2003.11.18 13:31 B W:\OzQuip_Costi\live_181103\cf\StockTakeBL_Variance.cfm <-- Costi /ssl/costi/cf StockTakeBL_Variance.cfm
2003.11.18 13:31 B W:\OzQuip_Costi\live_181103\cf\StockTakeBLReport.cfm <-- Costi /ssl/costi/cf StockTakeBLReport.cfm
2003.11.18 13:31 B W:\OzQuip_Costi\live_181103\cf\StockTakeSelection.cfm <-- Costi /ssl/costi/cf StockTakeSelection.cfm
2003.11.18 13:31 B W:\OzQuip_Costi\live_181103\cf\StockTakeSelectionBL.cfm <-- Costi /ssl/costi/cf StockTakeSelectionBL.cfm
2003.11.18 13:31 B W:\OzQuip_Costi\live_181103\cf\StockTakeSelectionBLNoCheck.cfm <-- Costi /ssl/costi/cf StockTakeSelectionBLNoCheck.cfm
2003.11.18 13:31 B W:\OzQuip_Costi\live_181103\cf\StoreSelection.cfm <-- Costi /ssl/costi/cf StoreSelection.cfm
2003.11.18 13:31 B W:\OzQuip_Costi\live_181103\cf\StoreSelectionAction.cfm <-- Costi /ssl/costi/cf StoreSelectionAction.cfm
2003.11.18 13:31 B W:\OzQuip_Costi\live_181103\cf\Sunset1.jpg <-- Costi /ssl/costi/cf Sunset1.jpg
2003.11.18 13:31 B W:\OzQuip_Costi\live_181103\cf\tblEmpAwardPayRates_RecordAction.cfm <-- Costi /ssl/costi/cf tblEmpAwardPayRates_RecordAction.cfm
2003.11.18 13:31 B W:\OzQuip_Costi\live_181103\cf\tblEmpAwardPayRates_RecordActionGrid.cfm <-- Costi /ssl/costi/cf tblEmpAwardPayRates_RecordActionGrid.cfm
2003.11.18 13:31 B W:\OzQuip_Costi\live_181103\cf\tblEmpAwardPayRates_RecordEdit.cfm <-- Costi /ssl/costi/cf tblEmpAwardPayRates_RecordEdit.cfm
2003.11.18 13:31 B W:\OzQuip_Costi\live_181103\cf\tblEmpAwardPayRates_RecordList.cfm <-- Costi /ssl/costi/cf tblEmpAwardPayRates_RecordList.cfm
2003.11.18 13:31 B W:\OzQuip_Costi\live_181103\cf\tblEmpAwardPayRates_RecordView.cfm <-- Costi /ssl/costi/cf tblEmpAwardPayRates_RecordView.cfm
2003.11.18 13:31 B W:\OzQuip_Costi\live_181103\cf\tblEmpCasualRatesSat_RecordAction.cfm <-- Costi /ssl/costi/cf tblEmpCasualRatesSat_RecordAction.cfm
2003.11.18 13:31 B W:\OzQuip_Costi\live_181103\cf\tblEmpCasualRatesSat_RecordActionGrid.cfm <-- Costi /ssl/costi/cf tblEmpCasualRatesSat_RecordActionGrid.cfm
2003.11.18 13:31 B W:\OzQuip_Costi\live_181103\cf\tblEmpCasualRatesSat_RecordEdit.cfm <-- Costi /ssl/costi/cf tblEmpCasualRatesSat_RecordEdit.cfm
2003.11.18 13:31 B W:\OzQuip_Costi\live_181103\cf\tblEmpCasualRatesSat_RecordIndex.cfm <-- Costi /ssl/costi/cf tblEmpCasualRatesSat_RecordIndex.cfm
2003.11.18 13:31 B W:\OzQuip_Costi\live_181103\cf\tblEmpCasualRatesSat_RecordList.cfm <-- Costi /ssl/costi/cf tblEmpCasualRatesSat_RecordList.cfm
2003.11.18 13:31 B W:\OzQuip_Costi\live_181103\cf\tblEmpCasualRatesSat_RecordView.cfm <-- Costi /ssl/costi/cf tblEmpCasualRatesSat_RecordView.cfm
2003.11.18 13:31 B W:\OzQuip_Costi\live_181103\cf\tblEmpEntitlement_RecordAction.cfm <-- Costi /ssl/costi/cf tblEmpEntitlement_RecordAction.cfm
2003.11.18 13:31 B W:\OzQuip_Costi\live_181103\cf\tblEmpEntitlement_RecordActionGrid.cfm <-- Costi /ssl/costi/cf tblEmpEntitlement_RecordActionGrid.cfm
2003.11.18 13:31 B W:\OzQuip_Costi\live_181103\cf\tblEmpEntitlement_RecordEdit.cfm <-- Costi /ssl/costi/cf tblEmpEntitlement_RecordEdit.cfm
2003.11.18 13:31 B W:\OzQuip_Costi\live_181103\cf\tblEmpEntitlement_RecordList.cfm <-- Costi /ssl/costi/cf tblEmpEntitlement_RecordList.cfm
2003.11.18 13:31 B W:\OzQuip_Costi\live_181103\cf\tblEmpEntitlement_RecordView.cfm <-- Costi /ssl/costi/cf tblEmpEntitlement_RecordView.cfm
2003.11.18 13:31 B W:\OzQuip_Costi\live_181103\cf\tblEmployee_RecordAction.cfm <-- Costi /ssl/costi/cf tblEmployee_RecordAction.cfm
2003.11.18 13:31 B W:\OzQuip_Costi\live_181103\cf\tblEmployee_RecordActionGrid.cfm <-- Costi /ssl/costi/cf tblEmployee_RecordActionGrid.cfm
2003.11.18 13:31 B W:\OzQuip_Costi\live_181103\cf\tblEmployee_RecordEdit.cfm <-- Costi /ssl/costi/cf tblEmployee_RecordEdit.cfm
2003.11.18 13:31 B W:\OzQuip_Costi\live_181103\cf\tblEmployee_RecordEdit1.cfm <-- Costi /ssl/costi/cf tblEmployee_RecordEdit1.cfm
2003.11.18 13:31 B W:\OzQuip_Costi\live_181103\cf\tblEmployee_RecordList.cfm <-- Costi /ssl/costi/cf tblEmployee_RecordList.cfm
2003.11.18 13:31 B W:\OzQuip_Costi\live_181103\cf\tblEmployee_RecordView.cfm <-- Costi /ssl/costi/cf tblEmployee_RecordView.cfm
2003.11.18 13:31 B W:\OzQuip_Costi\live_181103\cf\tblEmpPayOptions_RecordAction.cfm <-- Costi /ssl/costi/cf tblEmpPayOptions_RecordAction.cfm
2003.11.18 13:31 B W:\OzQuip_Costi\live_181103\cf\tblEmpPayOptions_RecordActionGrid.cfm <-- Costi /ssl/costi/cf tblEmpPayOptions_RecordActionGrid.cfm
2003.11.18 13:31 B W:\OzQuip_Costi\live_181103\cf\tblEmpPayOptions_RecordEdit.cfm <-- Costi /ssl/costi/cf tblEmpPayOptions_RecordEdit.cfm
2003.11.18 13:31 B W:\OzQuip_Costi\live_181103\cf\tblEmpPayOptions_RecordList.cfm <-- Costi /ssl/costi/cf tblEmpPayOptions_RecordList.cfm
2003.11.18 13:31 B W:\OzQuip_Costi\live_181103\cf\tblEmpPayOptions_RecordList2.cfm <-- Costi /ssl/costi/cf tblEmpPayOptions_RecordList2.cfm
2003.11.18 13:31 B W:\OzQuip_Costi\live_181103\cf\tblEmpPayOptions_RecordView.cfm <-- Costi /ssl/costi/cf tblEmpPayOptions_RecordView.cfm
2003.11.18 13:31 B W:\OzQuip_Costi\live_181103\cf\tblEmpPublicHol_RecordAction.cfm <-- Costi /ssl/costi/cf tblEmpPublicHol_RecordAction.cfm
2003.11.18 13:31 B W:\OzQuip_Costi\live_181103\cf\tblEmpPublicHol_RecordActionGrid.cfm <-- Costi /ssl/costi/cf tblEmpPublicHol_RecordActionGrid.cfm
2003.11.18 13:31 B W:\OzQuip_Costi\live_181103\cf\tblEmpPublicHol_RecordEdit.cfm <-- Costi /ssl/costi/cf tblEmpPublicHol_RecordEdit.cfm
2003.11.18 13:31 B W:\OzQuip_Costi\live_181103\cf\tblEmpPublicHol_RecordList.cfm <-- Costi /ssl/costi/cf tblEmpPublicHol_RecordList.cfm
2003.11.18 13:31 B W:\OzQuip_Costi\live_181103\cf\tblEmpPublicHol_RecordView.cfm <-- Costi /ssl/costi/cf tblEmpPublicHol_RecordView.cfm
2003.11.18 13:31 B W:\OzQuip_Costi\live_181103\cf\tblEmpRateMultiplier_RecordAction.cfm <-- Costi /ssl/costi/cf tblEmpRateMultiplier_RecordAction.cfm
2003.11.18 13:31 B W:\OzQuip_Costi\live_181103\cf\tblEmpRateMultiplier_RecordActionGrid.cfm <-- Costi /ssl/costi/cf tblEmpRateMultiplier_RecordActionGrid.cfm
2003.11.18 13:31 B W:\OzQuip_Costi\live_181103\cf\tblEmpRateMultiplier_RecordEdit.cfm <-- Costi /ssl/costi/cf tblEmpRateMultiplier_RecordEdit.cfm
2003.11.18 13:31 B W:\OzQuip_Costi\live_181103\cf\tblEmpRateMultiplier_RecordList.cfm <-- Costi /ssl/costi/cf tblEmpRateMultiplier_RecordList.cfm
2003.11.18 13:31 B W:\OzQuip_Costi\live_181103\cf\tblEmpRateMultiplier_RecordView.cfm <-- Costi /ssl/costi/cf tblEmpRateMultiplier_RecordView.cfm
2003.11.18 13:31 B W:\OzQuip_Costi\live_181103\cf\tblEmpRoster_RecordAction.cfm <-- Costi /ssl/costi/cf tblEmpRoster_RecordAction.cfm
2003.11.18 13:31 B W:\OzQuip_Costi\live_181103\cf\tblEmpRoster_RecordActionGrid.cfm <-- Costi /ssl/costi/cf tblEmpRoster_RecordActionGrid.cfm
2003.11.18 13:31 B W:\OzQuip_Costi\live_181103\cf\tblEmpRoster_RecordEdit.cfm <-- Costi /ssl/costi/cf tblEmpRoster_RecordEdit.cfm
2003.11.18 13:31 B W:\OzQuip_Costi\live_181103\cf\tblEmpRoster_RecordList.cfm <-- Costi /ssl/costi/cf tblEmpRoster_RecordList.cfm
2003.11.18 13:31 B W:\OzQuip_Costi\live_181103\cf\tblEmpRoster_RecordList2.cfm <-- Costi /ssl/costi/cf tblEmpRoster_RecordList2.cfm
2003.11.18 13:31 B W:\OzQuip_Costi\live_181103\cf\tblEmpRoster_RecordView.cfm <-- Costi /ssl/costi/cf tblEmpRoster_RecordView.cfm
2003.11.18 13:31 B W:\OzQuip_Costi\live_181103\cf\tblEmpStatus_RecordAction.cfm <-- Costi /ssl/costi/cf tblEmpStatus_RecordAction.cfm
2003.11.18 13:31 B W:\OzQuip_Costi\live_181103\cf\tblEmpStatus_RecordActionGrid.cfm <-- Costi /ssl/costi/cf tblEmpStatus_RecordActionGrid.cfm
2003.11.18 13:31 B W:\OzQuip_Costi\live_181103\cf\tblEmpStatus_RecordEdit.cfm <-- Costi /ssl/costi/cf tblEmpStatus_RecordEdit.cfm
2003.11.18 13:31 B W:\OzQuip_Costi\live_181103\cf\tblEmpStatus_RecordList.cfm <-- Costi /ssl/costi/cf tblEmpStatus_RecordList.cfm
2003.11.18 13:31 B W:\OzQuip_Costi\live_181103\cf\tblEmpStatus_RecordView.cfm <-- Costi /ssl/costi/cf tblEmpStatus_RecordView.cfm
2003.11.18 13:31 B W:\OzQuip_Costi\live_181103\cf\tblEmpTaxScaleDet_RecordAction.cfm <-- Costi /ssl/costi/cf tblEmpTaxScaleDet_RecordAction.cfm
2003.11.18 13:31 B W:\OzQuip_Costi\live_181103\cf\tblEmpTaxScaleDet_RecordActionGrid.cfm <-- Costi /ssl/costi/cf tblEmpTaxScaleDet_RecordActionGrid.cfm
2003.11.18 13:31 B W:\OzQuip_Costi\live_181103\cf\tblEmpTaxScaleDet_RecordEdit.cfm <-- Costi /ssl/costi/cf tblEmpTaxScaleDet_RecordEdit.cfm
2003.11.18 13:31 B W:\OzQuip_Costi\live_181103\cf\tblEmpTaxScaleDet_RecordList.cfm <-- Costi /ssl/costi/cf tblEmpTaxScaleDet_RecordList.cfm
2003.11.18 13:31 B W:\OzQuip_Costi\live_181103\cf\tblEmpTaxScaleDet_RecordView.cfm <-- Costi /ssl/costi/cf tblEmpTaxScaleDet_RecordView.cfm
2003.11.18 13:31 B W:\OzQuip_Costi\live_181103\cf\tblSecurityTask_RecordAction.cfm <-- Costi /ssl/costi/cf tblSecurityTask_RecordAction.cfm
2003.11.18 13:31 B W:\OzQuip_Costi\live_181103\cf\tblSecurityTask_RecordActionGrid.cfm <-- Costi /ssl/costi/cf tblSecurityTask_RecordActionGrid.cfm
2003.11.18 13:31 B W:\OzQuip_Costi\live_181103\cf\tblSecurityTask_RecordEdit.cfm <-- Costi /ssl/costi/cf tblSecurityTask_RecordEdit.cfm
2003.11.18 13:31 B W:\OzQuip_Costi\live_181103\cf\tblSecurityTask_RecordList.cfm <-- Costi /ssl/costi/cf tblSecurityTask_RecordList.cfm
2003.11.18 13:31 B W:\OzQuip_Costi\live_181103\cf\tblSecurityTask_RecordList2.cfm <-- Costi /ssl/costi/cf tblSecurityTask_RecordList2.cfm
2003.11.18 13:31 B W:\OzQuip_Costi\live_181103\cf\tblSecurityTask_RecordView.cfm <-- Costi /ssl/costi/cf tblSecurityTask_RecordView.cfm
2003.11.18 13:31 B W:\OzQuip_Costi\live_181103\cf\tblSecurityTaskForms_RecordAction.cfm <-- Costi /ssl/costi/cf tblSecurityTaskForms_RecordAction.cfm
2003.11.18 13:31 B W:\OzQuip_Costi\live_181103\cf\tblSecurityTaskForms_RecordActionGrid.cfm <-- Costi /ssl/costi/cf tblSecurityTaskForms_RecordActionGrid.cfm
2003.11.18 13:31 B W:\OzQuip_Costi\live_181103\cf\tblSecurityTaskForms_RecordEdit.cfm <-- Costi /ssl/costi/cf tblSecurityTaskForms_RecordEdit.cfm
2003.11.18 13:31 B W:\OzQuip_Costi\live_181103\cf\tblSecurityTaskForms_RecordList.cfm <-- Costi /ssl/costi/cf tblSecurityTaskForms_RecordList.cfm
2003.11.18 13:31 B W:\OzQuip_Costi\live_181103\cf\tblSecurityTaskForms_RecordView.cfm <-- Costi /ssl/costi/cf tblSecurityTaskForms_RecordView.cfm
2003.11.18 13:31 B W:\OzQuip_Costi\live_181103\cf\tblSecurityUserTypes_RecordAction.cfm <-- Costi /ssl/costi/cf tblSecurityUserTypes_RecordAction.cfm
2003.11.18 13:31 B W:\OzQuip_Costi\live_181103\cf\tblSecurityUserTypes_RecordActionGrid.cfm <-- Costi /ssl/costi/cf tblSecurityUserTypes_RecordActionGrid.cfm
2003.11.18 13:31 B W:\OzQuip_Costi\live_181103\cf\tblSecurityUserTypes_RecordEdit.cfm <-- Costi /ssl/costi/cf tblSecurityUserTypes_RecordEdit.cfm
2003.11.18 13:31 B W:\OzQuip_Costi\live_181103\cf\tblSecurityUserTypes_RecordList.cfm <-- Costi /ssl/costi/cf tblSecurityUserTypes_RecordList.cfm
2003.11.18 13:31 B W:\OzQuip_Costi\live_181103\cf\tblSecurityUserTypes_RecordView.cfm <-- Costi /ssl/costi/cf tblSecurityUserTypes_RecordView.cfm
2003.11.18 13:31 B W:\OzQuip_Costi\live_181103\cf\tblStockDept_RecordAction.cfm <-- Costi /ssl/costi/cf tblStockDept_RecordAction.cfm
2003.11.18 13:31 B W:\OzQuip_Costi\live_181103\cf\tblStockDept_RecordActionGrid.cfm <-- Costi /ssl/costi/cf tblStockDept_RecordActionGrid.cfm
2003.11.18 13:31 B W:\OzQuip_Costi\live_181103\cf\tblStockDept_RecordEdit.cfm <-- Costi /ssl/costi/cf tblStockDept_RecordEdit.cfm
2003.11.18 13:31 B W:\OzQuip_Costi\live_181103\cf\tblStockDept_RecordList.cfm <-- Costi /ssl/costi/cf tblStockDept_RecordList.cfm
2003.11.18 13:31 B W:\OzQuip_Costi\live_181103\cf\tblStockDept_RecordView.cfm <-- Costi /ssl/costi/cf tblStockDept_RecordView.cfm
2003.11.18 13:31 B W:\OzQuip_Costi\live_181103\cf\tblStockGroup_RecordAction.cfm <-- Costi /ssl/costi/cf tblStockGroup_RecordAction.cfm
2003.11.18 13:31 B W:\OzQuip_Costi\live_181103\cf\tblStockGroup_RecordActionGrid.cfm <-- Costi /ssl/costi/cf tblStockGroup_RecordActionGrid.cfm
2003.11.18 13:31 B W:\OzQuip_Costi\live_181103\cf\tblStockGroup_RecordEdit.cfm <-- Costi /ssl/costi/cf tblStockGroup_RecordEdit.cfm
2003.11.18 13:31 B W:\OzQuip_Costi\live_181103\cf\tblStockGroup_RecordList.cfm <-- Costi /ssl/costi/cf tblStockGroup_RecordList.cfm
2003.11.18 13:31 B W:\OzQuip_Costi\live_181103\cf\tblStockGroup_RecordView.cfm <-- Costi /ssl/costi/cf tblStockGroup_RecordView.cfm
2003.11.18 13:31 B W:\OzQuip_Costi\live_181103\cf\tblStockKit_RecordAction.cfm <-- Costi /ssl/costi/cf tblStockKit_RecordAction.cfm
2003.11.18 13:31 B W:\OzQuip_Costi\live_181103\cf\tblStockKit_RecordActionGrid.cfm <-- Costi /ssl/costi/cf tblStockKit_RecordActionGrid.cfm
2003.11.18 13:31 B W:\OzQuip_Costi\live_181103\cf\tblStockKit_RecordEdit.cfm <-- Costi /ssl/costi/cf tblStockKit_RecordEdit.cfm
2003.11.18 13:31 B W:\OzQuip_Costi\live_181103\cf\tblStockKit_RecordList.cfm <-- Costi /ssl/costi/cf tblStockKit_RecordList.cfm
2003.11.18 13:31 B W:\OzQuip_Costi\live_181103\cf\tblStockKit_RecordView.cfm <-- Costi /ssl/costi/cf tblStockKit_RecordView.cfm
2003.11.18 13:31 B W:\OzQuip_Costi\live_181103\cf\tblStockMaster_RecordAction.cfm <-- Costi /ssl/costi/cf tblStockMaster_RecordAction.cfm
2003.11.18 13:31 B W:\OzQuip_Costi\live_181103\cf\tblStockMaster_RecordActionGrid.cfm <-- Costi /ssl/costi/cf tblStockMaster_RecordActionGrid.cfm
2003.11.18 13:31 B W:\OzQuip_Costi\live_181103\cf\tblStockMaster_RecordEdit.cfm <-- Costi /ssl/costi/cf tblStockMaster_RecordEdit.cfm
2003.11.18 13:31 B W:\OzQuip_Costi\live_181103\cf\tblStockMaster_RecordList.cfm <-- Costi /ssl/costi/cf tblStockMaster_RecordList.cfm
2003.11.18 13:31 B W:\OzQuip_Costi\live_181103\cf\tblStockMaster_RecordView.cfm <-- Costi /ssl/costi/cf tblStockMaster_RecordView.cfm
2003.11.18 13:31 B W:\OzQuip_Costi\live_181103\cf\tblStockMasterSearch_AppendCriteria.cfm <-- Costi /ssl/costi/cf tblStockMasterSearch_AppendCriteria.cfm
2003.11.18 13:31 B W:\OzQuip_Costi\live_181103\cf\tblStockMasterSearch_Result.cfm <-- Costi /ssl/costi/cf tblStockMasterSearch_Result.cfm
2003.11.18 13:31 B W:\OzQuip_Costi\live_181103\cf\tblStockMasterSearch_Search.cfm <-- Costi /ssl/costi/cf tblStockMasterSearch_Search.cfm
2003.11.18 13:31 B W:\OzQuip_Costi\live_181103\cf\tblStockPriceFormula_RecordAction.cfm <-- Costi /ssl/costi/cf tblStockPriceFormula_RecordAction.cfm
2003.11.18 13:31 B W:\OzQuip_Costi\live_181103\cf\tblStockPriceFormula_RecordActionGrid.cfm <-- Costi /ssl/costi/cf tblStockPriceFormula_RecordActionGrid.cfm
2003.11.18 13:31 B W:\OzQuip_Costi\live_181103\cf\tblStockPriceFormula_RecordEdit.cfm <-- Costi /ssl/costi/cf tblStockPriceFormula_RecordEdit.cfm
2003.11.18 13:31 B W:\OzQuip_Costi\live_181103\cf\tblStockPriceFormula_RecordList.cfm <-- Costi /ssl/costi/cf tblStockPriceFormula_RecordList.cfm
2003.11.18 13:31 B W:\OzQuip_Costi\live_181103\cf\tblStockPriceFormula_RecordView.cfm <-- Costi /ssl/costi/cf tblStockPriceFormula_RecordView.cfm
2003.11.18 13:31 B W:\OzQuip_Costi\live_181103\cf\tblStockRebate_RecordAction.cfm <-- Costi /ssl/costi/cf tblStockRebate_RecordAction.cfm
2003.11.18 13:31 B W:\OzQuip_Costi\live_181103\cf\tblStockRebate_RecordActionGrid.cfm <-- Costi /ssl/costi/cf tblStockRebate_RecordActionGrid.cfm
2003.11.18 13:31 B W:\OzQuip_Costi\live_181103\cf\tblStockRebate_RecordEdit.cfm <-- Costi /ssl/costi/cf tblStockRebate_RecordEdit.cfm
2003.11.18 13:31 B W:\OzQuip_Costi\live_181103\cf\tblStockRebate_RecordList.cfm <-- Costi /ssl/costi/cf tblStockRebate_RecordList.cfm
2003.11.18 13:31 B W:\OzQuip_Costi\live_181103\cf\tblStockRebate_RecordView.cfm <-- Costi /ssl/costi/cf tblStockRebate_RecordView.cfm
2003.11.18 13:31 B W:\OzQuip_Costi\live_181103\cf\tblStocktakeErrors_RecordAction.cfm <-- Costi /ssl/costi/cf tblStocktakeErrors_RecordAction.cfm
2003.11.18 13:31 B W:\OzQuip_Costi\live_181103\cf\tblStocktakeErrors_RecordActionGrid.cfm <-- Costi /ssl/costi/cf tblStocktakeErrors_RecordActionGrid.cfm
2003.11.18 13:31 B W:\OzQuip_Costi\live_181103\cf\tblStocktakeErrors_RecordEdit.cfm <-- Costi /ssl/costi/cf tblStocktakeErrors_RecordEdit.cfm
2003.11.18 13:31 B W:\OzQuip_Costi\live_181103\cf\tblStocktakeErrors_RecordList.cfm <-- Costi /ssl/costi/cf tblStocktakeErrors_RecordList.cfm
2003.11.18 13:31 B W:\OzQuip_Costi\live_181103\cf\tblStocktakeErrors_RecordView.cfm <-- Costi /ssl/costi/cf tblStocktakeErrors_RecordView.cfm
2003.11.18 13:31 B W:\OzQuip_Costi\live_181103\cf\tblStockUnitType_RecordAction.cfm <-- Costi /ssl/costi/cf tblStockUnitType_RecordAction.cfm
2003.11.18 13:31 B W:\OzQuip_Costi\live_181103\cf\tblStockUnitType_RecordActionGrid.cfm <-- Costi /ssl/costi/cf tblStockUnitType_RecordActionGrid.cfm
2003.11.18 13:31 B W:\OzQuip_Costi\live_181103\cf\tblStockUnitType_RecordEdit.cfm <-- Costi /ssl/costi/cf tblStockUnitType_RecordEdit.cfm
2003.11.18 13:31 B W:\OzQuip_Costi\live_181103\cf\tblStockUnitType_RecordList.cfm <-- Costi /ssl/costi/cf tblStockUnitType_RecordList.cfm
2003.11.18 13:31 B W:\OzQuip_Costi\live_181103\cf\tblStockUnitType_RecordView.cfm <-- Costi /ssl/costi/cf tblStockUnitType_RecordView.cfm
2003.11.18 13:31 B W:\OzQuip_Costi\live_181103\cf\tblStoreGroup_RecordAction.cfm <-- Costi /ssl/costi/cf tblStoreGroup_RecordAction.cfm
2003.11.18 13:31 B W:\OzQuip_Costi\live_181103\cf\tblStoreGroup_RecordActionGrid.cfm <-- Costi /ssl/costi/cf tblStoreGroup_RecordActionGrid.cfm
2003.11.18 13:32 B W:\OzQuip_Costi\live_181103\cf\tblStoreGroup_RecordEdit.cfm <-- Costi /ssl/costi/cf tblStoreGroup_RecordEdit.cfm
2003.11.18 13:32 B W:\OzQuip_Costi\live_181103\cf\tblStoreGroup_RecordList.cfm <-- Costi /ssl/costi/cf tblStoreGroup_RecordList.cfm
2003.11.18 13:32 B W:\OzQuip_Costi\live_181103\cf\tblStoreGroup_RecordView.cfm <-- Costi /ssl/costi/cf tblStoreGroup_RecordView.cfm
2003.11.18 13:32 B W:\OzQuip_Costi\live_181103\cf\tblStores_RecordAction.cfm <-- Costi /ssl/costi/cf tblStores_RecordAction.cfm
2003.11.18 13:32 B W:\OzQuip_Costi\live_181103\cf\tblStores_RecordActionGrid.cfm <-- Costi /ssl/costi/cf tblStores_RecordActionGrid.cfm
2003.11.18 13:32 B W:\OzQuip_Costi\live_181103\cf\tblStores_RecordEdit.cfm <-- Costi /ssl/costi/cf tblStores_RecordEdit.cfm
2003.11.18 13:32 B W:\OzQuip_Costi\live_181103\cf\tblStores_RecordList.cfm <-- Costi /ssl/costi/cf tblStores_RecordList.cfm
2003.11.18 13:32 B W:\OzQuip_Costi\live_181103\cf\tblStores_RecordView.cfm <-- Costi /ssl/costi/cf tblStores_RecordView.cfm
2003.11.18 13:32 B W:\OzQuip_Costi\live_181103\cf\TBLSTO~3.BAK <-- Costi /ssl/costi/cf TBLSTO~3.BAK
2003.11.18 13:32 B W:\OzQuip_Costi\live_181103\cf\tblSupExpenseCat_RecordAction.cfm <-- Costi /ssl/costi/cf tblSupExpenseCat_RecordAction.cfm
2003.11.18 13:32 B W:\OzQuip_Costi\live_181103\cf\tblSupExpenseCat_RecordActionGrid.cfm <-- Costi /ssl/costi/cf tblSupExpenseCat_RecordActionGrid.cfm
2003.11.18 13:32 B W:\OzQuip_Costi\live_181103\cf\tblSupExpenseCat_RecordEdit.cfm <-- Costi /ssl/costi/cf tblSupExpenseCat_RecordEdit.cfm
2003.11.18 13:32 B W:\OzQuip_Costi\live_181103\cf\tblSupExpenseCat_RecordList.cfm <-- Costi /ssl/costi/cf tblSupExpenseCat_RecordList.cfm
2003.11.18 13:32 B W:\OzQuip_Costi\live_181103\cf\tblSupExpenseCat_RecordView.cfm <-- Costi /ssl/costi/cf tblSupExpenseCat_RecordView.cfm
2003.11.18 13:32 B W:\OzQuip_Costi\live_181103\cf\tblSupplier_RecordAction.cfm <-- Costi /ssl/costi/cf tblSupplier_RecordAction.cfm
2003.11.18 13:32 B W:\OzQuip_Costi\live_181103\cf\tblSupplier_RecordActionGrid.cfm <-- Costi /ssl/costi/cf tblSupplier_RecordActionGrid.cfm
2003.11.18 13:32 B W:\OzQuip_Costi\live_181103\cf\tblSupplier_RecordEdit.cfm <-- Costi /ssl/costi/cf tblSupplier_RecordEdit.cfm
2003.11.18 13:32 B W:\OzQuip_Costi\live_181103\cf\tblSupplier_RecordList.cfm <-- Costi /ssl/costi/cf tblSupplier_RecordList.cfm
2003.11.18 13:32 B W:\OzQuip_Costi\live_181103\cf\tblSupplier_RecordView.cfm <-- Costi /ssl/costi/cf tblSupplier_RecordView.cfm
2003.11.18 13:32 B W:\OzQuip_Costi\live_181103\cf\tblTax_RecordAction.cfm <-- Costi /ssl/costi/cf tblTax_RecordAction.cfm
2003.11.18 13:32 B W:\OzQuip_Costi\live_181103\cf\tblTax_RecordActionGrid.cfm <-- Costi /ssl/costi/cf tblTax_RecordActionGrid.cfm
2003.11.18 13:32 B W:\OzQuip_Costi\live_181103\cf\tblTax_RecordEdit.cfm <-- Costi /ssl/costi/cf tblTax_RecordEdit.cfm
2003.11.18 13:32 B W:\OzQuip_Costi\live_181103\cf\tblTax_RecordList.cfm <-- Costi /ssl/costi/cf tblTax_RecordList.cfm
2003.11.18 13:32 B W:\OzQuip_Costi\live_181103\cf\tblTax_RecordView.cfm <-- Costi /ssl/costi/cf tblTax_RecordView.cfm
2003.11.18 13:32 B W:\OzQuip_Costi\live_181103\cf\Template.cfm <-- Costi /ssl/costi/cf Template.cfm
2003.11.18 13:32 B W:\OzQuip_Costi\live_181103\cf\test.cfm <-- Costi /ssl/costi/cf test.cfm
2003.11.18 13:32 B W:\OzQuip_Costi\live_181103\cf\Test.htm <-- Costi /ssl/costi/cf Test.htm
2003.11.18 13:32 B W:\OzQuip_Costi\live_181103\cf\Test_UTC_Date.cfm <-- Costi /ssl/costi/cf Test_UTC_Date.cfm
2003.11.18 13:32 B W:\OzQuip_Costi\live_181103\cf\TestActiveX.cfm <-- Costi /ssl/costi/cf TestActiveX.cfm
2003.11.18 13:32 B W:\OzQuip_Costi\live_181103\cf\TestActiveX_Dll.cfm <-- Costi /ssl/costi/cf TestActiveX_Dll.cfm
2003.11.18 13:32 B W:\OzQuip_Costi\live_181103\cf\TestArray.cfm <-- Costi /ssl/costi/cf TestArray.cfm
2003.11.18 13:32 B W:\OzQuip_Costi\live_181103\cf\TestAustralianDate.cfm <-- Costi /ssl/costi/cf TestAustralianDate.cfm
2003.11.18 13:32 B W:\OzQuip_Costi\live_181103\cf\TestCfExecute.cfm <-- Costi /ssl/costi/cf TestCfExecute.cfm
2003.11.18 13:32 B W:\OzQuip_Costi\live_181103\cf\testcflock.cfm <-- Costi /ssl/costi/cf testcflock.cfm
2003.11.18 13:32 B W:\OzQuip_Costi\live_181103\cf\TestDateString.cfm <-- Costi /ssl/costi/cf TestDateString.cfm
2003.11.18 13:32 B W:\OzQuip_Costi\live_181103\cf\testDateToday.cfm <-- Costi /ssl/costi/cf testDateToday.cfm
2003.11.18 13:32 B W:\OzQuip_Costi\live_181103\cf\TestDrill_AppendCriteria.cfm <-- Costi /ssl/costi/cf TestDrill_AppendCriteria.cfm
2003.11.18 13:32 B W:\OzQuip_Costi\live_181103\cf\TestDrill_Detail.cfm <-- Costi /ssl/costi/cf TestDrill_Detail.cfm
2003.11.18 13:32 B W:\OzQuip_Costi\live_181103\cf\TestDrill_Result.cfm <-- Costi /ssl/costi/cf TestDrill_Result.cfm
2003.11.18 13:32 B W:\OzQuip_Costi\live_181103\cf\TestDrill_Search.cfm <-- Costi /ssl/costi/cf TestDrill_Search.cfm
2003.11.18 13:32 B W:\OzQuip_Costi\live_181103\cf\TestEODFinish.cfm <-- Costi /ssl/costi/cf TestEODFinish.cfm
2003.11.18 13:32 B W:\OzQuip_Costi\live_181103\cf\testEval.cfm <-- Costi /ssl/costi/cf testEval.cfm
2003.11.18 13:32 B W:\OzQuip_Costi\live_181103\cf\TestFormatDate.cfm <-- Costi /ssl/costi/cf TestFormatDate.cfm
2003.11.18 13:32 B W:\OzQuip_Costi\live_181103\cf\TestFunction.cfm <-- Costi /ssl/costi/cf TestFunction.cfm
2003.11.18 13:32 B W:\OzQuip_Costi\live_181103\cf\TestFunction2.cfm <-- Costi /ssl/costi/cf TestFunction2.cfm
2003.11.18 13:32 B W:\OzQuip_Costi\live_181103\cf\testif.cfm <-- Costi /ssl/costi/cf testif.cfm
2003.11.18 13:32 B W:\OzQuip_Costi\live_181103\cf\TestLocale.cfm <-- Costi /ssl/costi/cf TestLocale.cfm
2003.11.18 13:32 B W:\OzQuip_Costi\live_181103\cf\testLoopDate.cfm <-- Costi /ssl/costi/cf testLoopDate.cfm
2003.11.18 13:32 B W:\OzQuip_Costi\live_181103\cf\TestLoopList.cfm <-- Costi /ssl/costi/cf TestLoopList.cfm
2003.11.18 13:32 B W:\OzQuip_Costi\live_181103\cf\TestLSDate.cfm <-- Costi /ssl/costi/cf TestLSDate.cfm
2003.11.18 13:32 B W:\OzQuip_Costi\live_181103\cf\TestMedia.cfm <-- Costi /ssl/costi/cf TestMedia.cfm
2003.11.18 13:32 B W:\OzQuip_Costi\live_181103\cf\TestMedia.htm <-- Costi /ssl/costi/cf TestMedia.htm
2003.11.18 13:32 B W:\OzQuip_Costi\live_181103\cf\TestPriceList.cfm <-- Costi /ssl/costi/cf TestPriceList.cfm
2003.11.18 13:32 B W:\OzQuip_Costi\live_181103\cf\testQuery.cfm <-- Costi /ssl/costi/cf testQuery.cfm
2003.11.18 13:32 B W:\OzQuip_Costi\live_181103\cf\TestRange_RecordAction.cfm <-- Costi /ssl/costi/cf TestRange_RecordAction.cfm
2003.11.18 13:32 B W:\OzQuip_Costi\live_181103\cf\TestRange_RecordEdit.cfm <-- Costi /ssl/costi/cf TestRange_RecordEdit.cfm
2003.11.18 13:32 B W:\OzQuip_Costi\live_181103\cf\TestRange_RecordView.cfm <-- Costi /ssl/costi/cf TestRange_RecordView.cfm
2003.11.18 13:32 B W:\OzQuip_Costi\live_181103\cf\TestSQL2_RecordAction.cfm <-- Costi /ssl/costi/cf TestSQL2_RecordAction.cfm
2003.11.18 13:32 B W:\OzQuip_Costi\live_181103\cf\TestSQL2_RecordEdit.cfm <-- Costi /ssl/costi/cf TestSQL2_RecordEdit.cfm
2003.11.18 13:32 B W:\OzQuip_Costi\live_181103\cf\TestSQL2_RecordView.cfm <-- Costi /ssl/costi/cf TestSQL2_RecordView.cfm
2003.11.18 13:32 B W:\OzQuip_Costi\live_181103\cf\TestSQL_RecordAction.cfm <-- Costi /ssl/costi/cf TestSQL_RecordAction.cfm
2003.11.18 13:32 B W:\OzQuip_Costi\live_181103\cf\TestSQL_RecordEdit.cfm <-- Costi /ssl/costi/cf TestSQL_RecordEdit.cfm
2003.11.18 13:32 B W:\OzQuip_Costi\live_181103\cf\TestSQL_RecordView.cfm <-- Costi /ssl/costi/cf TestSQL_RecordView.cfm
2003.11.18 13:32 B W:\OzQuip_Costi\live_181103\cf\TestSQL_RecordView2.cfm <-- Costi /ssl/costi/cf TestSQL_RecordView2.cfm
2003.11.18 13:32 B W:\OzQuip_Costi\live_181103\cf\TestSQL_RecordView3.cfm <-- Costi /ssl/costi/cf TestSQL_RecordView3.cfm
2003.11.18 13:32 B W:\OzQuip_Costi\live_181103\cf\TestSQL_RecordView4.cfm <-- Costi /ssl/costi/cf TestSQL_RecordView4.cfm
2003.11.18 13:32 B W:\OzQuip_Costi\live_181103\cf\TestSQL_RecordView5.cfm <-- Costi /ssl/costi/cf TestSQL_RecordView5.cfm
2003.11.18 13:32 B W:\OzQuip_Costi\live_181103\cf\TestSQLAccess_RecordAction.cfm <-- Costi /ssl/costi/cf TestSQLAccess_RecordAction.cfm
2003.11.18 13:32 B W:\OzQuip_Costi\live_181103\cf\TestSQLAccess_RecordEdit.cfm <-- Costi /ssl/costi/cf TestSQLAccess_RecordEdit.cfm
2003.11.18 13:32 B W:\OzQuip_Costi\live_181103\cf\TestSQLAccess_RecordView.cfm <-- Costi /ssl/costi/cf TestSQLAccess_RecordView.cfm
2003.11.18 13:32 B W:\OzQuip_Costi\live_181103\cf\TestSQLServer1_RecordAction.cfm <-- Costi /ssl/costi/cf TestSQLServer1_RecordAction.cfm
2003.11.18 13:32 B W:\OzQuip_Costi\live_181103\cf\TestSQLServer1_RecordEdit.cfm <-- Costi /ssl/costi/cf TestSQLServer1_RecordEdit.cfm
2003.11.18 13:32 B W:\OzQuip_Costi\live_181103\cf\TestSQLServer1_RecordView.cfm <-- Costi /ssl/costi/cf TestSQLServer1_RecordView.cfm
2003.11.18 13:32 B W:\OzQuip_Costi\live_181103\cf\TestSQLServer5_RecordAction.cfm <-- Costi /ssl/costi/cf TestSQLServer5_RecordAction.cfm
2003.11.18 13:32 B W:\OzQuip_Costi\live_181103\cf\TestSQLServer5_RecordEdit.cfm <-- Costi /ssl/costi/cf TestSQLServer5_RecordEdit.cfm
2003.11.18 13:32 B W:\OzQuip_Costi\live_181103\cf\TestSQLServer5_RecordView.cfm <-- Costi /ssl/costi/cf TestSQLServer5_RecordView.cfm
2003.11.18 13:32 B W:\OzQuip_Costi\live_181103\cf\TestSQLSQLSec_RecordAction.cfm <-- Costi /ssl/costi/cf TestSQLSQLSec_RecordAction.cfm
2003.11.18 13:32 B W:\OzQuip_Costi\live_181103\cf\TestSQLSQLSec_RecordEdit.cfm <-- Costi /ssl/costi/cf TestSQLSQLSec_RecordEdit.cfm
2003.11.18 13:32 B W:\OzQuip_Costi\live_181103\cf\TestSQLSQLSec_RecordView.cfm <-- Costi /ssl/costi/cf TestSQLSQLSec_RecordView.cfm
2003.11.18 13:32 B W:\OzQuip_Costi\live_181103\cf\TestStockAdjust.cfm <-- Costi /ssl/costi/cf TestStockAdjust.cfm
2003.11.18 13:32 B W:\OzQuip_Costi\live_181103\cf\TestStructure.cfm <-- Costi /ssl/costi/cf TestStructure.cfm
2003.11.18 13:32 B W:\OzQuip_Costi\live_181103\cf\TestTickCount.cfm <-- Costi /ssl/costi/cf TestTickCount.cfm
2003.11.18 13:32 B W:\OzQuip_Costi\live_181103\cf\TestUUID.cfm <-- Costi /ssl/costi/cf TestUUID.cfm
2003.11.18 13:32 B W:\OzQuip_Costi\live_181103\cf\TestValidateDate.cfm <-- Costi /ssl/costi/cf TestValidateDate.cfm
2003.11.18 13:32 B W:\OzQuip_Costi\live_181103\cf\testValidDate.cfm <-- Costi /ssl/costi/cf testValidDate.cfm
2003.11.18 13:32 B W:\OzQuip_Costi\live_181103\cf\TestYesNoFormat.cfm <-- Costi /ssl/costi/cf TestYesNoFormat.cfm
2003.11.18 13:32 B W:\OzQuip_Costi\live_181103\cf\TGrid.cfm <-- Costi /ssl/costi/cf TGrid.cfm
2003.11.18 13:32 B W:\OzQuip_Costi\live_181103\cf\TGrid2.cfm <-- Costi /ssl/costi/cf TGrid2.cfm
2003.11.18 13:32 B W:\OzQuip_Costi\live_181103\cf\TGrid3.cfm <-- Costi /ssl/costi/cf TGrid3.cfm
2003.11.18 13:32 B W:\OzQuip_Costi\live_181103\cf\TGridSubmit.cfm <-- Costi /ssl/costi/cf TGridSubmit.cfm
2003.11.18 13:32 B W:\OzQuip_Costi\live_181103\cf\TGridSubmit3.cfm <-- Costi /ssl/costi/cf TGridSubmit3.cfm
2003.11.18 13:32 B W:\OzQuip_Costi\live_181103\cf\tmary.cfm <-- Costi /ssl/costi/cf tmary.cfm
2003.11.18 13:32 B W:\OzQuip_Costi\live_181103\cf\tmaryView.cfm <-- Costi /ssl/costi/cf tmaryView.cfm
2003.11.18 13:32 B W:\OzQuip_Costi\live_181103\cf\TransferActionBL.cfm <-- Costi /ssl/costi/cf TransferActionBL.cfm
2003.11.18 13:32 B W:\OzQuip_Costi\live_181103\cf\TransferBL.cfm <-- Costi /ssl/costi/cf TransferBL.cfm
2003.11.18 13:32 B W:\OzQuip_Costi\live_181103\cf\TransferReport.cfm <-- Costi /ssl/costi/cf TransferReport.cfm
2003.11.18 13:32 B W:\OzQuip_Costi\live_181103\cf\TransferSelection.cfm <-- Costi /ssl/costi/cf TransferSelection.cfm
2003.11.18 13:32 B W:\OzQuip_Costi\live_181103\cf\Untitled-1.htm <-- Costi /ssl/costi/cf Untitled-1.htm
2003.11.18 13:32 B W:\OzQuip_Costi\live_181103\cf\UpdateUploadedData.cfm <-- Costi /ssl/costi/cf UpdateUploadedData.cfm
2003.11.18 13:32 B W:\OzQuip_Costi\live_181103\cf\UpdateUploadedDataHistory.cfm <-- Costi /ssl/costi/cf UpdateUploadedDataHistory.cfm
2003.11.18 13:32 B W:\OzQuip_Costi\live_181103\cf\Upload.cfm <-- Costi /ssl/costi/cf Upload.cfm
2003.11.18 13:32 B W:\OzQuip_Costi\live_181103\cf\UploadFile.cfm <-- Costi /ssl/costi/cf UploadFile.cfm
2003.11.18 13:32 B W:\OzQuip_Costi\live_181103\cf\ValidateDate.cfm <-- Costi /ssl/costi/cf ValidateDate.cfm
2003.11.18 13:32 B W:\OzQuip_Costi\live_181103\cf\ValidateDateString.cfm <-- Costi /ssl/costi/cf ValidateDateString.cfm
2003.11.18 13:32 B W:\OzQuip_Costi\live_181103\cf\ValidateDateTest.cfm <-- Costi /ssl/costi/cf ValidateDateTest.cfm
2003.11.18 13:32 B W:\OzQuip_Costi\live_181103\cf\ValidateSaturday.cfm <-- Costi /ssl/costi/cf ValidateSaturday.cfm
2003.11.18 13:32 B W:\OzQuip_Costi\live_181103\cf\ValidateThisDate.cfm <-- Costi /ssl/costi/cf ValidateThisDate.cfm
2003.11.18 13:32 B W:\OzQuip_Costi\live_181103\cf\ValidDateMessage.cfm <-- Costi /ssl/costi/cf ValidDateMessage.cfm
2003.11.18 13:32 B W:\OzQuip_Costi\live_181103\cf\WastageActionBL.cfm <-- Costi /ssl/costi/cf WastageActionBL.cfm
2003.11.18 13:32 B W:\OzQuip_Costi\live_181103\cf\WastageBL.cfm <-- Costi /ssl/costi/cf WastageBL.cfm
2003.11.18 13:32 B W:\OzQuip_Costi\live_181103\cf\WastageReport.cfm <-- Costi /ssl/costi/cf WastageReport.cfm
2003.11.18 13:32 B W:\OzQuip_Costi\live_181103\cf\WastageSelection.cfm <-- Costi /ssl/costi/cf WastageSelection.cfm
2003.11.18 13:32 B W:\OzQuip_Costi\live_181103\cf\WastageTransfer_Variance.cfm <-- Costi /ssl/costi/cf WastageTransfer_Variance.cfm
2003.11.18 13:32 B W:\OzQuip_Costi\live_181103\cf\xStockTakeSelectionBL.cfm <-- Costi /ssl/costi/cf xStockTakeSelectionBL.cfm
